  [1m[36m (1.0ms)[0m  [1mCREATE TABLE "schema_migrations" ("version" varchar NOT NULL) [0m
  [1m[35m (0.1ms)[0m  select sqlite_version(*)
  [1m[36m (0.8ms)[0m  [1mCREATE UNIQUE INDEX "unique_schema_migrations" ON "schema_migrations" ("version")[0m
  [1m[35mActiveRecord::SchemaMigration Load (0.1ms)[0m  SELECT "schema_migrations".* FROM "schema_migrations"
Migrating to SorceryCore (20160227003301)
  [1m[36m (0.1ms)[0m  [1mbegin transaction[0m
DEPRECATION WARNING: `#timestamps` was called without specifying an option for `null`. In Rails 5, this behavior will change to `null: false`. You should manually specify `null: true` to prevent the behavior of your existing migrations from changing. (called from block in change at /Users/Meep/Desktop/Bitmaker/Assignments/GitHug/db/migrate/20160227003301_sorcery_core.rb:8)
  [1m[35m (0.4ms)[0m  CREATE TABLE "users" ("id" INTEGER PRIMARY KEY AUTOINCREMENT NOT NULL, "email" varchar NOT NULL, "crypted_password" varchar, "salt" varchar, "created_at" datetime, "updated_at" datetime) 
  [1m[36m (0.3ms)[0m  [1mCREATE UNIQUE INDEX "index_users_on_email" ON "users" ("email")[0m
  [1m[35mSQL (0.2ms)[0m  INSERT INTO "schema_migrations" ("version") VALUES (?)  [["version", "20160227003301"]]
  [1m[36m (0.9ms)[0m  [1mcommit transaction[0m
Migrating to SorceryExternal (20160227003344)
  [1m[35m (0.1ms)[0m  begin transaction
DEPRECATION WARNING: `#timestamps` was called without specifying an option for `null`. In Rails 5, this behavior will change to `null: false`. You should manually specify `null: true` to prevent the behavior of your existing migrations from changing. (called from block in change at /Users/Meep/Desktop/Bitmaker/Assignments/GitHug/db/migrate/20160227003344_sorcery_external.rb:7)
  [1m[36m (0.7ms)[0m  [1mCREATE TABLE "authentications" ("id" INTEGER PRIMARY KEY AUTOINCREMENT NOT NULL, "user_id" integer NOT NULL, "provider" varchar NOT NULL, "uid" varchar NOT NULL, "created_at" datetime, "updated_at" datetime) [0m
  [1m[35m (0.6ms)[0m  CREATE  INDEX "index_authentications_on_provider_and_uid" ON "authentications" ("provider", "uid")
  [1m[36mSQL (0.2ms)[0m  [1mINSERT INTO "schema_migrations" ("version") VALUES (?)[0m  [["version", "20160227003344"]]
  [1m[35m (0.8ms)[0m  commit transaction
  [1m[36mActiveRecord::SchemaMigration Load (0.1ms)[0m  [1mSELECT "schema_migrations".* FROM "schema_migrations"[0m
  [1m[35m (0.5ms)[0m              SELECT sql
            FROM sqlite_master
            WHERE name='index_authentications_on_provider_and_uid' AND type='index'
            UNION ALL
            SELECT sql
            FROM sqlite_temp_master
            WHERE name='index_authentications_on_provider_and_uid' AND type='index'

  [1m[36m (0.2ms)[0m  [1m            SELECT sql
            FROM sqlite_master
            WHERE name='index_users_on_email' AND type='index'
            UNION ALL
            SELECT sql
            FROM sqlite_temp_master
            WHERE name='index_users_on_email' AND type='index'
[0m


Started GET "/" for ::1 at 2016-02-26 22:58:15 -0500
  [1m[36mActiveRecord::SchemaMigration Load (0.6ms)[0m  [1mSELECT "schema_migrations".* FROM "schema_migrations"[0m
Processing by Rails::WelcomeController#index as HTML
  Rendered /Users/Meep/.rbenv/versions/2.3.0/lib/ruby/gems/2.3.0/gems/railties-4.2.5.1/lib/rails/templates/rails/welcome/index.html.erb (2.4ms)
Completed 200 OK in 32ms (Views: 17.8ms | ActiveRecord: 0.0ms)


Started GET "/" for ::1 at 2016-02-26 23:02:06 -0500
  [1m[36mActiveRecord::SchemaMigration Load (0.5ms)[0m  [1mSELECT "schema_migrations".* FROM "schema_migrations"[0m
Processing by UsersController#show as HTML
  Rendered users/show.html.erb within layouts/application (1.6ms)
Completed 200 OK in 1714ms (Views: 1704.3ms | ActiveRecord: 0.0ms)


Started GET "/assets/oauths.self-e3b0c44298fc1c149afbf4c8996fb92427ae41e4649b934ca495991b7852b855.css?body=1" for ::1 at 2016-02-26 23:02:08 -0500


Started GET "/assets/oauths.self-877aef30ae1b040ab8a3aba4e3e309a11d7f2612f44dde450b5c157aa5f95c05.js?body=1" for ::1 at 2016-02-26 23:02:08 -0500


Started GET "/oauth/github" for ::1 at 2016-02-26 23:02:15 -0500

SyntaxError (/Users/Meep/Desktop/Bitmaker/Assignments/GitHug/app/controllers/oauths_controller.rb:32: syntax error, unexpected keyword_end, expecting end-of-input):
  app/controllers/oauths_controller.rb:32: syntax error, unexpected keyword_end, expecting end-of-input


  Rendered /Users/Meep/.rbenv/versions/2.3.0/lib/ruby/gems/2.3.0/gems/actionpack-4.2.5.1/lib/action_dispatch/middleware/templates/rescues/_source.erb (8.0ms)
  Rendered /Users/Meep/.rbenv/versions/2.3.0/lib/ruby/gems/2.3.0/gems/actionpack-4.2.5.1/lib/action_dispatch/middleware/templates/rescues/_trace.html.erb (3.8ms)
  Rendered /Users/Meep/.rbenv/versions/2.3.0/lib/ruby/gems/2.3.0/gems/actionpack-4.2.5.1/lib/action_dispatch/middleware/templates/rescues/_request_and_response.html.erb (2.9ms)
  Rendered /Users/Meep/.rbenv/versions/2.3.0/lib/ruby/gems/2.3.0/gems/actionpack-4.2.5.1/lib/action_dispatch/middleware/templates/rescues/diagnostics.html.erb within rescues/layout (79.9ms)
  Rendered /Users/Meep/.rbenv/versions/2.3.0/lib/ruby/gems/2.3.0/gems/web-console-2.3.0/lib/web_console/templates/_markup.html.erb (0.8ms)
  Rendered /Users/Meep/.rbenv/versions/2.3.0/lib/ruby/gems/2.3.0/gems/web-console-2.3.0/lib/web_console/templates/_inner_console_markup.html.erb within layouts/inlined_string (0.7ms)
  Rendered /Users/Meep/.rbenv/versions/2.3.0/lib/ruby/gems/2.3.0/gems/web-console-2.3.0/lib/web_console/templates/_prompt_box_markup.html.erb within layouts/inlined_string (0.3ms)
  Rendered /Users/Meep/.rbenv/versions/2.3.0/lib/ruby/gems/2.3.0/gems/web-console-2.3.0/lib/web_console/templates/style.css.erb within layouts/inlined_string (0.5ms)
  Rendered /Users/Meep/.rbenv/versions/2.3.0/lib/ruby/gems/2.3.0/gems/web-console-2.3.0/lib/web_console/templates/console.js.erb within layouts/javascript (79.2ms)
  Rendered /Users/Meep/.rbenv/versions/2.3.0/lib/ruby/gems/2.3.0/gems/web-console-2.3.0/lib/web_console/templates/main.js.erb within layouts/javascript (0.4ms)
  Rendered /Users/Meep/.rbenv/versions/2.3.0/lib/ruby/gems/2.3.0/gems/web-console-2.3.0/lib/web_console/templates/error_page.js.erb within layouts/javascript (0.4ms)
  Rendered /Users/Meep/.rbenv/versions/2.3.0/lib/ruby/gems/2.3.0/gems/web-console-2.3.0/lib/web_console/templates/index.html.erb (169.2ms)


Started GET "/oauth/github" for ::1 at 2016-02-26 23:02:16 -0500

SyntaxError (/Users/Meep/Desktop/Bitmaker/Assignments/GitHug/app/controllers/oauths_controller.rb:32: syntax error, unexpected keyword_end, expecting end-of-input):
  app/controllers/oauths_controller.rb:32: syntax error, unexpected keyword_end, expecting end-of-input


  Rendered /Users/Meep/.rbenv/versions/2.3.0/lib/ruby/gems/2.3.0/gems/actionpack-4.2.5.1/lib/action_dispatch/middleware/templates/rescues/_source.erb (4.1ms)
  Rendered /Users/Meep/.rbenv/versions/2.3.0/lib/ruby/gems/2.3.0/gems/actionpack-4.2.5.1/lib/action_dispatch/middleware/templates/rescues/_trace.html.erb (1.9ms)
  Rendered /Users/Meep/.rbenv/versions/2.3.0/lib/ruby/gems/2.3.0/gems/actionpack-4.2.5.1/lib/action_dispatch/middleware/templates/rescues/_request_and_response.html.erb (1.5ms)
  Rendered /Users/Meep/.rbenv/versions/2.3.0/lib/ruby/gems/2.3.0/gems/actionpack-4.2.5.1/lib/action_dispatch/middleware/templates/rescues/diagnostics.html.erb within rescues/layout (64.2ms)
  Rendered /Users/Meep/.rbenv/versions/2.3.0/lib/ruby/gems/2.3.0/gems/web-console-2.3.0/lib/web_console/templates/_markup.html.erb (0.4ms)
  Rendered /Users/Meep/.rbenv/versions/2.3.0/lib/ruby/gems/2.3.0/gems/web-console-2.3.0/lib/web_console/templates/_inner_console_markup.html.erb within layouts/inlined_string (0.4ms)
  Rendered /Users/Meep/.rbenv/versions/2.3.0/lib/ruby/gems/2.3.0/gems/web-console-2.3.0/lib/web_console/templates/_prompt_box_markup.html.erb within layouts/inlined_string (0.4ms)
  Rendered /Users/Meep/.rbenv/versions/2.3.0/lib/ruby/gems/2.3.0/gems/web-console-2.3.0/lib/web_console/templates/style.css.erb within layouts/inlined_string (0.7ms)
  Rendered /Users/Meep/.rbenv/versions/2.3.0/lib/ruby/gems/2.3.0/gems/web-console-2.3.0/lib/web_console/templates/console.js.erb within layouts/javascript (56.6ms)
  Rendered /Users/Meep/.rbenv/versions/2.3.0/lib/ruby/gems/2.3.0/gems/web-console-2.3.0/lib/web_console/templates/main.js.erb within layouts/javascript (0.3ms)
  Rendered /Users/Meep/.rbenv/versions/2.3.0/lib/ruby/gems/2.3.0/gems/web-console-2.3.0/lib/web_console/templates/error_page.js.erb within layouts/javascript (0.6ms)
  Rendered /Users/Meep/.rbenv/versions/2.3.0/lib/ruby/gems/2.3.0/gems/web-console-2.3.0/lib/web_console/templates/index.html.erb (132.7ms)


Started GET "/oauth/github" for ::1 at 2016-02-26 23:02:47 -0500
Processing by OauthsController#oauth as HTML
  Parameters: {"provider"=>"github"}
Redirected to https://github.com/login/oauth/authorize?client_id=e262cefa98987c943551&display&redirect_uri=http%3A%2F%2F0.0.0.0%3A3000%2Foauth%2Fcallback%3Fprovider%3Dgithub&response_type=code&scope&state
Completed 302 Found in 15ms (ActiveRecord: 0.0ms)


Started GET "/oauth/callback?code=7cc36a58b5cdf01bb4f5&provider=github" for 127.0.0.1 at 2016-02-26 23:03:10 -0500
Processing by OauthsController#callback as HTML
  Parameters: {"code"=>"7cc36a58b5cdf01bb4f5", "provider"=>"github"}
  [1m[35mAuthentication Load (0.5ms)[0m  SELECT  "authentications".* FROM "authentications" WHERE "authentications"."uid" = ? AND "authentications"."provider" = ?  ORDER BY "authentications"."id" ASC LIMIT 1  [["uid", "16617247"], ["provider", "github"]]
  [1m[36m (0.1ms)[0m  [1mbegin transaction[0m
  [1m[35mSQL (1.6ms)[0m  INSERT INTO "users" ("created_at", "updated_at") VALUES (?, ?)  [["created_at", "2016-02-27 04:03:10.494693"], ["updated_at", "2016-02-27 04:03:10.494693"]]
  [1m[36m (0.1ms)[0m  [1mrollback transaction[0m
Redirected to http://0.0.0.0:3000/
Completed 302 Found in 420ms (ActiveRecord: 3.0ms)


Started GET "/" for 127.0.0.1 at 2016-02-26 23:03:10 -0500
Processing by UsersController#show as HTML
  Rendered users/show.html.erb within layouts/application (0.0ms)
Completed 200 OK in 25ms (Views: 24.4ms | ActiveRecord: 0.0ms)


Started GET "/assets/users.self-e3b0c44298fc1c149afbf4c8996fb92427ae41e4649b934ca495991b7852b855.css?body=1" for 127.0.0.1 at 2016-02-26 23:03:10 -0500


Started GET "/assets/application.self-e80e8f2318043e8af94dddc2adad5a4f09739a8ebb323b3ab31cd71d45fd9113.css?body=1" for 127.0.0.1 at 2016-02-26 23:03:10 -0500


Started GET "/assets/jquery.self-c64a74367bda6ef8b860f19e74df08927ca99d2be2ac934e9e92d5fd361e0da4.js?body=1" for 127.0.0.1 at 2016-02-26 23:03:10 -0500


Started GET "/assets/oauths.self-e3b0c44298fc1c149afbf4c8996fb92427ae41e4649b934ca495991b7852b855.css?body=1" for 127.0.0.1 at 2016-02-26 23:03:10 -0500


Started GET "/assets/jquery_ujs.self-d602bdfe68ffc63b9f9cc512872aa3cfff046228a0a36e90dd476e8ef54c1b09.js?body=1" for 127.0.0.1 at 2016-02-26 23:03:10 -0500


Started GET "/assets/turbolinks.self-c37727e9bd6b2735da5c311aa83fead54ed0be6cc8bd9a65309e9c5abe2cbfff.js?body=1" for 127.0.0.1 at 2016-02-26 23:03:10 -0500


Started GET "/assets/oauths.self-877aef30ae1b040ab8a3aba4e3e309a11d7f2612f44dde450b5c157aa5f95c05.js?body=1" for 127.0.0.1 at 2016-02-26 23:03:10 -0500


Started GET "/assets/users.self-877aef30ae1b040ab8a3aba4e3e309a11d7f2612f44dde450b5c157aa5f95c05.js?body=1" for 127.0.0.1 at 2016-02-26 23:03:10 -0500


Started GET "/assets/application.self-3b8dabdc891efe46b9a144b400ad69e37d7e5876bdc39dee783419a69d7ca819.js?body=1" for 127.0.0.1 at 2016-02-26 23:03:10 -0500


Started GET "/oauth/github" for 127.0.0.1 at 2016-02-26 23:03:15 -0500
Processing by OauthsController#oauth as HTML
  Parameters: {"provider"=>"github"}
Redirected to https://github.com/login/oauth/authorize?client_id=e262cefa98987c943551&display&redirect_uri=http%3A%2F%2F0.0.0.0%3A3000%2Foauth%2Fcallback%3Fprovider%3Dgithub&response_type=code&scope&state
Completed 403 Forbidden in 2ms (ActiveRecord: 0.0ms)


Started GET "/oauth/callback?code=95d32cb32c1e90bb2813&provider=github" for 127.0.0.1 at 2016-02-26 23:03:15 -0500
Processing by OauthsController#callback as HTML
  Parameters: {"code"=>"95d32cb32c1e90bb2813", "provider"=>"github"}
  [1m[35mAuthentication Load (0.1ms)[0m  SELECT  "authentications".* FROM "authentications" WHERE "authentications"."uid" = ? AND "authentications"."provider" = ?  ORDER BY "authentications"."id" ASC LIMIT 1  [["uid", "16617247"], ["provider", "github"]]
  [1m[36m (0.1ms)[0m  [1mbegin transaction[0m
  [1m[35mSQL (0.8ms)[0m  INSERT INTO "users" ("created_at", "updated_at") VALUES (?, ?)  [["created_at", "2016-02-27 04:03:15.645724"], ["updated_at", "2016-02-27 04:03:15.645724"]]
  [1m[36m (0.1ms)[0m  [1mrollback transaction[0m
Redirected to http://0.0.0.0:3000/
Completed 302 Found in 320ms (ActiveRecord: 1.1ms)


Started GET "/" for 127.0.0.1 at 2016-02-26 23:03:15 -0500
Processing by UsersController#show as HTML
  Rendered users/show.html.erb within layouts/application (0.0ms)
Completed 200 OK in 16ms (Views: 15.9ms | ActiveRecord: 0.0ms)


Started GET "/oauth/github" for 127.0.0.1 at 2016-02-26 23:03:17 -0500
Processing by OauthsController#oauth as HTML
  Parameters: {"provider"=>"github"}
Redirected to https://github.com/login/oauth/authorize?client_id=e262cefa98987c943551&display&redirect_uri=http%3A%2F%2F0.0.0.0%3A3000%2Foauth%2Fcallback%3Fprovider%3Dgithub&response_type=code&scope&state
Completed 403 Forbidden in 2ms (ActiveRecord: 0.0ms)


Started GET "/oauth/callback?code=895c753907e1423fca5d&provider=github" for 127.0.0.1 at 2016-02-26 23:03:17 -0500
Processing by OauthsController#callback as HTML
  Parameters: {"code"=>"895c753907e1423fca5d", "provider"=>"github"}
  [1m[35mAuthentication Load (0.1ms)[0m  SELECT  "authentications".* FROM "authentications" WHERE "authentications"."uid" = ? AND "authentications"."provider" = ?  ORDER BY "authentications"."id" ASC LIMIT 1  [["uid", "16617247"], ["provider", "github"]]
  [1m[36m (0.1ms)[0m  [1mbegin transaction[0m
  [1m[35mSQL (1.0ms)[0m  INSERT INTO "users" ("created_at", "updated_at") VALUES (?, ?)  [["created_at", "2016-02-27 04:03:18.223909"], ["updated_at", "2016-02-27 04:03:18.223909"]]
  [1m[36m (0.1ms)[0m  [1mrollback transaction[0m
Redirected to http://0.0.0.0:3000/
Completed 302 Found in 331ms (ActiveRecord: 1.2ms)


Started GET "/" for 127.0.0.1 at 2016-02-26 23:03:18 -0500
Processing by UsersController#show as HTML
  Rendered users/show.html.erb within layouts/application (0.0ms)
Completed 200 OK in 15ms (Views: 14.2ms | ActiveRecord: 0.0ms)


Started GET "/" for ::1 at 2016-02-26 23:03:22 -0500
Processing by UsersController#show as HTML
  Rendered users/show.html.erb within layouts/application (0.2ms)
Completed 200 OK in 18ms (Views: 17.1ms | ActiveRecord: 0.0ms)


Started GET "/oauth/github" for ::1 at 2016-02-26 23:03:30 -0500
Processing by OauthsController#oauth as HTML
  Parameters: {"provider"=>"github"}
Redirected to https://github.com/login/oauth/authorize?client_id=e262cefa98987c943551&display&redirect_uri=http%3A%2F%2F0.0.0.0%3A3000%2Foauth%2Fcallback%3Fprovider%3Dgithub&response_type=code&scope&state
Completed 403 Forbidden in 12ms (ActiveRecord: 0.0ms)


Started GET "/oauth/callback?code=5af62aa19851acee0039&provider=github" for 127.0.0.1 at 2016-02-26 23:03:30 -0500
Processing by OauthsController#callback as HTML
  Parameters: {"code"=>"5af62aa19851acee0039", "provider"=>"github"}
  [1m[35mAuthentication Load (0.1ms)[0m  SELECT  "authentications".* FROM "authentications" WHERE "authentications"."uid" = ? AND "authentications"."provider" = ?  ORDER BY "authentications"."id" ASC LIMIT 1  [["uid", "16617247"], ["provider", "github"]]
  [1m[36m (0.1ms)[0m  [1mbegin transaction[0m
  [1m[35mSQL (1.0ms)[0m  INSERT INTO "users" ("created_at", "updated_at") VALUES (?, ?)  [["created_at", "2016-02-27 04:03:31.628361"], ["updated_at", "2016-02-27 04:03:31.628361"]]
  [1m[36m (0.1ms)[0m  [1mrollback transaction[0m
Redirected to http://0.0.0.0:3000/
Completed 302 Found in 1121ms (ActiveRecord: 1.3ms)


Started GET "/" for 127.0.0.1 at 2016-02-26 23:03:31 -0500
Processing by UsersController#show as HTML
  Rendered users/show.html.erb within layouts/application (0.0ms)
Completed 200 OK in 19ms (Views: 18.2ms | ActiveRecord: 0.0ms)


Started GET "/oauth/github" for 127.0.0.1 at 2016-02-26 23:03:57 -0500
  [1m[36mActiveRecord::SchemaMigration Load (0.4ms)[0m  [1mSELECT "schema_migrations".* FROM "schema_migrations"[0m
Processing by OauthsController#oauth as HTML
  Parameters: {"provider"=>"github"}
Redirected to https://github.com/login/oauth/authorize?client_id=e262cefa98987c943551&display&redirect_uri=http%3A%2F%2F0.0.0.0%3A3000%2Foauth%2Fcallback%3Fprovider%3Dgithub&response_type=code&scope&state
Completed 403 Forbidden in 18ms (ActiveRecord: 0.0ms)


Started GET "/oauth/callback?code=5141f8118699515bb337&provider=github" for 127.0.0.1 at 2016-02-26 23:03:57 -0500
Processing by OauthsController#callback as HTML
  Parameters: {"code"=>"5141f8118699515bb337", "provider"=>"github"}
  [1m[35mAuthentication Load (0.8ms)[0m  SELECT  "authentications".* FROM "authentications" WHERE "authentications"."uid" = ? AND "authentications"."provider" = ?  ORDER BY "authentications"."id" ASC LIMIT 1  [["uid", "16617247"], ["provider", "github"]]
  [1m[36m (0.1ms)[0m  [1mbegin transaction[0m
  [1m[35mSQL (2.1ms)[0m  INSERT INTO "users" ("created_at", "updated_at") VALUES (?, ?)  [["created_at", "2016-02-27 04:03:57.993903"], ["updated_at", "2016-02-27 04:03:57.993903"]]
  [1m[36m (0.1ms)[0m  [1mrollback transaction[0m
Redirected to http://0.0.0.0:3000/
Completed 302 Found in 365ms (ActiveRecord: 3.6ms)


Started GET "/" for 127.0.0.1 at 2016-02-26 23:03:58 -0500
Processing by UsersController#show as HTML
  Rendered users/show.html.erb within layouts/application (1.9ms)
Completed 200 OK in 242ms (Views: 241.8ms | ActiveRecord: 0.0ms)


Started GET "/oauth/callback?code=eac0eedbcd8ce38a14a9&provider=github" for 127.0.0.1 at 2016-02-26 23:04:01 -0500
Processing by OauthsController#callback as HTML
  Parameters: {"code"=>"eac0eedbcd8ce38a14a9", "provider"=>"github"}
  [1m[35mAuthentication Load (0.2ms)[0m  SELECT  "authentications".* FROM "authentications" WHERE "authentications"."uid" = ? AND "authentications"."provider" = ?  ORDER BY "authentications"."id" ASC LIMIT 1  [["uid", "16617247"], ["provider", "github"]]
  [1m[36m (0.1ms)[0m  [1mbegin transaction[0m
  [1m[35mSQL (0.8ms)[0m  INSERT INTO "users" ("created_at", "updated_at") VALUES (?, ?)  [["created_at", "2016-02-27 04:04:02.377159"], ["updated_at", "2016-02-27 04:04:02.377159"]]
  [1m[36m (0.1ms)[0m  [1mrollback transaction[0m
Redirected to http://0.0.0.0:3000/
Completed 302 Found in 1167ms (ActiveRecord: 1.1ms)
  [1m[36mActiveRecord::SchemaMigration Load (0.5ms)[0m  [1mSELECT "schema_migrations".* FROM "schema_migrations"[0m
  [1m[35mActiveRecord::SchemaMigration Load (0.1ms)[0m  SELECT "schema_migrations".* FROM "schema_migrations"
  [1m[36m (0.1ms)[0m  [1m            SELECT sql
            FROM sqlite_master
            WHERE name='index_authentications_on_provider_and_uid' AND type='index'
            UNION ALL
            SELECT sql
            FROM sqlite_temp_master
            WHERE name='index_authentications_on_provider_and_uid' AND type='index'
[0m
  [1m[35m (0.1ms)[0m              SELECT sql
            FROM sqlite_master
            WHERE name='index_users_on_email' AND type='index'
            UNION ALL
            SELECT sql
            FROM sqlite_temp_master
            WHERE name='index_users_on_email' AND type='index'



Started GET "/" for ::1 at 2016-02-26 23:09:14 -0500
  [1m[36mActiveRecord::SchemaMigration Load (0.6ms)[0m  [1mSELECT "schema_migrations".* FROM "schema_migrations"[0m
Processing by UsersController#show as HTML
  Rendered users/show.html.erb within layouts/application (2.6ms)
Completed 200 OK in 283ms (Views: 273.3ms | ActiveRecord: 0.0ms)


Started GET "/assets/application.self-e80e8f2318043e8af94dddc2adad5a4f09739a8ebb323b3ab31cd71d45fd9113.css?body=1" for ::1 at 2016-02-26 23:09:14 -0500


Started GET "/assets/users.self-e3b0c44298fc1c149afbf4c8996fb92427ae41e4649b934ca495991b7852b855.css?body=1" for ::1 at 2016-02-26 23:09:14 -0500


Started GET "/assets/turbolinks.self-c37727e9bd6b2735da5c311aa83fead54ed0be6cc8bd9a65309e9c5abe2cbfff.js?body=1" for ::1 at 2016-02-26 23:09:14 -0500


Started GET "/assets/jquery_ujs.self-d602bdfe68ffc63b9f9cc512872aa3cfff046228a0a36e90dd476e8ef54c1b09.js?body=1" for ::1 at 2016-02-26 23:09:14 -0500


Started GET "/assets/jquery.self-c64a74367bda6ef8b860f19e74df08927ca99d2be2ac934e9e92d5fd361e0da4.js?body=1" for ::1 at 2016-02-26 23:09:14 -0500


Started GET "/assets/oauths.self-e3b0c44298fc1c149afbf4c8996fb92427ae41e4649b934ca495991b7852b855.css?body=1" for ::1 at 2016-02-26 23:09:14 -0500


Started GET "/assets/oauths.self-877aef30ae1b040ab8a3aba4e3e309a11d7f2612f44dde450b5c157aa5f95c05.js?body=1" for ::1 at 2016-02-26 23:09:14 -0500


Started GET "/assets/users.self-877aef30ae1b040ab8a3aba4e3e309a11d7f2612f44dde450b5c157aa5f95c05.js?body=1" for ::1 at 2016-02-26 23:09:14 -0500


Started GET "/assets/application.self-3b8dabdc891efe46b9a144b400ad69e37d7e5876bdc39dee783419a69d7ca819.js?body=1" for ::1 at 2016-02-26 23:09:14 -0500


Started GET "/oauth/github" for ::1 at 2016-02-26 23:09:23 -0500
Processing by OauthsController#oauth as HTML
  Parameters: {"provider"=>"github"}
Redirected to https://github.com/login/oauth/authorize?client_id=e262cefa98987c943551&display&redirect_uri=http%3A%2F%2F0.0.0.0%3A3000%2Foauth%2Fcallback%3Fprovider%3Dgithub&response_type=code&scope&state
Completed 403 Forbidden in 13ms (ActiveRecord: 0.0ms)


Started GET "/oauth/callback?code=dc5e5faa93d6ff9974de&provider=github" for 127.0.0.1 at 2016-02-26 23:09:23 -0500
Processing by OauthsController#callback as HTML
  Parameters: {"code"=>"dc5e5faa93d6ff9974de", "provider"=>"github"}
  [1m[35mAuthentication Load (0.7ms)[0m  SELECT  "authentications".* FROM "authentications" WHERE "authentications"."uid" = ? AND "authentications"."provider" = ?  ORDER BY "authentications"."id" ASC LIMIT 1  [["uid", "16617247"], ["provider", "github"]]
  [1m[36m (0.1ms)[0m  [1mbegin transaction[0m
  [1m[35mSQL (1.7ms)[0m  INSERT INTO "users" ("created_at", "updated_at") VALUES (?, ?)  [["created_at", "2016-02-27 04:09:23.807183"], ["updated_at", "2016-02-27 04:09:23.807183"]]
  [1m[36m (0.1ms)[0m  [1mrollback transaction[0m
Redirected to http://0.0.0.0:3000/
Completed 302 Found in 373ms (ActiveRecord: 3.2ms)


Started GET "/" for 127.0.0.1 at 2016-02-26 23:09:23 -0500
Processing by UsersController#show as HTML
  Rendered users/show.html.erb within layouts/application (0.1ms)
Completed 200 OK in 21ms (Views: 20.3ms | ActiveRecord: 0.0ms)


Started GET "/oauth/github" for 127.0.0.1 at 2016-02-26 23:09:25 -0500
Processing by OauthsController#oauth as HTML
  Parameters: {"provider"=>"github"}
Redirected to https://github.com/login/oauth/authorize?client_id=e262cefa98987c943551&display&redirect_uri=http%3A%2F%2F0.0.0.0%3A3000%2Foauth%2Fcallback%3Fprovider%3Dgithub&response_type=code&scope&state
Completed 403 Forbidden in 2ms (ActiveRecord: 0.0ms)


Started GET "/oauth/callback?code=d3f60f4dae3d93235e3e&provider=github" for 127.0.0.1 at 2016-02-26 23:09:25 -0500
Processing by OauthsController#callback as HTML
  Parameters: {"code"=>"d3f60f4dae3d93235e3e", "provider"=>"github"}
  [1m[35mAuthentication Load (0.1ms)[0m  SELECT  "authentications".* FROM "authentications" WHERE "authentications"."uid" = ? AND "authentications"."provider" = ?  ORDER BY "authentications"."id" ASC LIMIT 1  [["uid", "16617247"], ["provider", "github"]]
  [1m[36m (0.1ms)[0m  [1mbegin transaction[0m
  [1m[35mSQL (0.9ms)[0m  INSERT INTO "users" ("created_at", "updated_at") VALUES (?, ?)  [["created_at", "2016-02-27 04:09:25.950310"], ["updated_at", "2016-02-27 04:09:25.950310"]]
  [1m[36m (0.1ms)[0m  [1mrollback transaction[0m
Redirected to http://0.0.0.0:3000/
Completed 302 Found in 302ms (ActiveRecord: 1.1ms)


Started GET "/" for 127.0.0.1 at 2016-02-26 23:09:25 -0500
Processing by UsersController#show as HTML
  Rendered users/show.html.erb within layouts/application (0.0ms)
Completed 200 OK in 16ms (Views: 15.0ms | ActiveRecord: 0.0ms)


Started GET "/oauth/github" for 127.0.0.1 at 2016-02-26 23:09:27 -0500
Processing by OauthsController#oauth as HTML
  Parameters: {"provider"=>"github"}
Redirected to https://github.com/login/oauth/authorize?client_id=e262cefa98987c943551&display&redirect_uri=http%3A%2F%2F0.0.0.0%3A3000%2Foauth%2Fcallback%3Fprovider%3Dgithub&response_type=code&scope&state
Completed 403 Forbidden in 3ms (ActiveRecord: 0.0ms)


Started GET "/oauth/callback?code=148cb6dae089c09c4181&provider=github" for 127.0.0.1 at 2016-02-26 23:09:27 -0500
Processing by OauthsController#callback as HTML
  Parameters: {"code"=>"148cb6dae089c09c4181", "provider"=>"github"}
  [1m[35mAuthentication Load (0.1ms)[0m  SELECT  "authentications".* FROM "authentications" WHERE "authentications"."uid" = ? AND "authentications"."provider" = ?  ORDER BY "authentications"."id" ASC LIMIT 1  [["uid", "16617247"], ["provider", "github"]]
  [1m[36m (0.1ms)[0m  [1mbegin transaction[0m
  [1m[35mSQL (0.9ms)[0m  INSERT INTO "users" ("created_at", "updated_at") VALUES (?, ?)  [["created_at", "2016-02-27 04:09:27.659059"], ["updated_at", "2016-02-27 04:09:27.659059"]]
  [1m[36m (0.1ms)[0m  [1mrollback transaction[0m
Redirected to http://0.0.0.0:3000/
Completed 302 Found in 297ms (ActiveRecord: 1.2ms)


Started GET "/" for 127.0.0.1 at 2016-02-26 23:09:27 -0500
Processing by UsersController#show as HTML
  Rendered users/show.html.erb within layouts/application (0.0ms)
Completed 200 OK in 16ms (Views: 15.9ms | ActiveRecord: 0.0ms)


Started GET "/oauth/github" for 127.0.0.1 at 2016-02-26 23:09:28 -0500
Processing by OauthsController#oauth as HTML
  Parameters: {"provider"=>"github"}
Redirected to https://github.com/login/oauth/authorize?client_id=e262cefa98987c943551&display&redirect_uri=http%3A%2F%2F0.0.0.0%3A3000%2Foauth%2Fcallback%3Fprovider%3Dgithub&response_type=code&scope&state
Completed 403 Forbidden in 3ms (ActiveRecord: 0.0ms)


Started GET "/oauth/callback?code=00cd399d7db8cdb01e30&provider=github" for 127.0.0.1 at 2016-02-26 23:09:28 -0500
Processing by OauthsController#callback as HTML
  Parameters: {"code"=>"00cd399d7db8cdb01e30", "provider"=>"github"}
  [1m[35mAuthentication Load (0.1ms)[0m  SELECT  "authentications".* FROM "authentications" WHERE "authentications"."uid" = ? AND "authentications"."provider" = ?  ORDER BY "authentications"."id" ASC LIMIT 1  [["uid", "16617247"], ["provider", "github"]]
  [1m[36m (0.1ms)[0m  [1mbegin transaction[0m
  [1m[35mSQL (0.9ms)[0m  INSERT INTO "users" ("created_at", "updated_at") VALUES (?, ?)  [["created_at", "2016-02-27 04:09:29.688468"], ["updated_at", "2016-02-27 04:09:29.688468"]]
  [1m[36m (0.1ms)[0m  [1mrollback transaction[0m
Redirected to http://0.0.0.0:3000/
Completed 302 Found in 809ms (ActiveRecord: 1.2ms)


Started GET "/" for 127.0.0.1 at 2016-02-26 23:09:29 -0500
Processing by UsersController#show as HTML
  Rendered users/show.html.erb within layouts/application (0.0ms)
Completed 200 OK in 15ms (Views: 14.6ms | ActiveRecord: 0.0ms)


Started GET "/oauth/github" for ::1 at 2016-02-26 23:09:54 -0500
Processing by OauthsController#oauth as HTML
  Parameters: {"provider"=>"github"}
Redirected to https://github.com/login/oauth/authorize?client_id=e262cefa98987c943551&display&redirect_uri=http%3A%2F%2F0.0.0.0%3A3000%2Foauth%2Fcallback%3Fprovider%3Dgithub&response_type=code&scope&state
Completed 403 Forbidden in 3ms (ActiveRecord: 0.0ms)


Started GET "/oauth/callback?code=fdc76ce4d045d1428411&provider=github" for 127.0.0.1 at 2016-02-26 23:09:54 -0500
Processing by OauthsController#callback as HTML
  Parameters: {"code"=>"fdc76ce4d045d1428411", "provider"=>"github"}
  [1m[35mAuthentication Load (0.1ms)[0m  SELECT  "authentications".* FROM "authentications" WHERE "authentications"."uid" = ? AND "authentications"."provider" = ?  ORDER BY "authentications"."id" ASC LIMIT 1  [["uid", "16617247"], ["provider", "github"]]
  [1m[36m (0.1ms)[0m  [1mbegin transaction[0m
  [1m[35mSQL (1.2ms)[0m  INSERT INTO "users" ("created_at", "updated_at") VALUES (?, ?)  [["created_at", "2016-02-27 04:09:55.658240"], ["updated_at", "2016-02-27 04:09:55.658240"]]
  [1m[36m (0.1ms)[0m  [1mrollback transaction[0m
Redirected to http://0.0.0.0:3000/
Completed 302 Found in 1193ms (ActiveRecord: 1.5ms)


Started GET "/" for 127.0.0.1 at 2016-02-26 23:09:55 -0500
Processing by UsersController#show as HTML
  Rendered users/show.html.erb within layouts/application (0.0ms)
Completed 200 OK in 48ms (Views: 47.5ms | ActiveRecord: 0.0ms)


Started GET "/oauth/github" for 127.0.0.1 at 2016-02-26 23:11:49 -0500
Processing by OauthsController#oauth as HTML
  Parameters: {"provider"=>"github"}
Redirected to https://github.com/login/oauth/authorize?client_id=e262cefa98987c943551&display&redirect_uri=http%3A%2F%2F0.0.0.0%3A3000%2Foauth%2Fcallback%3Fprovider%3Dgithub&response_type=code&scope&state
Completed 403 Forbidden in 3ms (ActiveRecord: 0.0ms)


Started GET "/oauth/callback?code=19c1251a810f04e37bc4&provider=github" for 127.0.0.1 at 2016-02-26 23:11:49 -0500
Processing by OauthsController#callback as HTML
  Parameters: {"code"=>"19c1251a810f04e37bc4", "provider"=>"github"}
  [1m[35mAuthentication Load (0.2ms)[0m  SELECT  "authentications".* FROM "authentications" WHERE "authentications"."uid" = ? AND "authentications"."provider" = ?  ORDER BY "authentications"."id" ASC LIMIT 1  [["uid", "16617247"], ["provider", "github"]]
  [1m[36m (0.1ms)[0m  [1mbegin transaction[0m
  [1m[35mSQL (1.0ms)[0m  INSERT INTO "users" ("created_at", "updated_at") VALUES (?, ?)  [["created_at", "2016-02-27 04:11:49.952107"], ["updated_at", "2016-02-27 04:11:49.952107"]]
  [1m[36m (0.1ms)[0m  [1mrollback transaction[0m
Redirected to http://0.0.0.0:3000/
Completed 302 Found in 354ms (ActiveRecord: 1.3ms)


Started GET "/" for 127.0.0.1 at 2016-02-26 23:11:49 -0500
Processing by UsersController#show as HTML
  Rendered users/show.html.erb within layouts/application (0.0ms)
Completed 200 OK in 32ms (Views: 31.6ms | ActiveRecord: 0.0ms)
